[0.469s] Invoking command in '/home/ors/ros2_ws/src/D435i': PYTHONPATH=/home/ors/ros2_ws/build/D435i/prefix_override:/usr/lib/python3/dist-packages/colcon_core/task/python/colcon_distutils_commands:/home/ors/ros2_ws/install/D435i/lib/python3.10/site-packages:${PYTHONPATH} /usr/bin/python3 -W ignore:setup.py install is deprecated setup.py egg_info --egg-base ../../build/D435i build --build-base /home/ors/ros2_ws/build/D435i/build install --record /home/ors/ros2_ws/build/D435i/install.log --single-version-externally-managed install_data
[0.644s] running egg_info
[0.644s] writing ../../build/D435i/D435i.egg-info/PKG-INFO
[0.644s] writing dependency_links to ../../build/D435i/D435i.egg-info/dependency_links.txt
[0.644s] writing entry points to ../../build/D435i/D435i.egg-info/entry_points.txt
[0.645s] writing requirements to ../../build/D435i/D435i.egg-info/requires.txt
[0.645s] writing top-level names to ../../build/D435i/D435i.egg-info/top_level.txt
[0.646s] reading manifest file '../../build/D435i/D435i.egg-info/SOURCES.txt'
[0.646s] writing manifest file '../../build/D435i/D435i.egg-info/SOURCES.txt'
[0.646s] running build
[0.647s] running build_py
[0.647s] running install
[0.647s] running install_lib
[0.648s] running install_data
[0.648s] running install_egg_info
[0.650s] removing '/home/ors/ros2_ws/install/D435i/lib/python3.10/site-packages/D435i-0.0.0-py3.10.egg-info' (and everything under it)
[0.650s] Copying ../../build/D435i/D435i.egg-info to /home/ors/ros2_ws/install/D435i/lib/python3.10/site-packages/D435i-0.0.0-py3.10.egg-info
[0.651s] running install_scripts
[0.666s] writing list of installed files to '/home/ors/ros2_ws/build/D435i/install.log'
[0.695s] Invoked command in '/home/ors/ros2_ws/src/D435i' returned '0': PYTHONPATH=/home/ors/ros2_ws/build/D435i/prefix_override:/usr/lib/python3/dist-packages/colcon_core/task/python/colcon_distutils_commands:/home/ors/ros2_ws/install/D435i/lib/python3.10/site-packages:${PYTHONPATH} /usr/bin/python3 -W ignore:setup.py install is deprecated setup.py egg_info --egg-base ../../build/D435i build --build-base /home/ors/ros2_ws/build/D435i/build install --record /home/ors/ros2_ws/build/D435i/install.log --single-version-externally-managed install_data
