[0.450s] Invoking command in '/home/ors/ros2_ws/build/D435i': PYTHONPATH=/home/ors/ros2_ws/build/D435i/prefix_override:/usr/lib/python3/dist-packages/colcon_core/task/python/colcon_distutils_commands:/home/ors/ros2_ws/install/D435i/lib/python3.10/site-packages:${PYTHONPATH} /usr/bin/python3 -W ignore:setup.py install is deprecated setup.py develop --editable --build-directory /home/ors/ros2_ws/build/D435i/build --no-deps symlink_data
[0.637s] running develop
[0.637s] /usr/lib/python3/dist-packages/setuptools/command/easy_install.py:158: EasyInstallDeprecationWarning: easy_install command is deprecated. Use build and pip and other standards-based tools.
[0.637s]   warnings.warn(
[0.762s] running egg_info
[0.762s] writing D435i.egg-info/PKG-INFO
[0.762s] writing dependency_links to D435i.egg-info/dependency_links.txt
[0.762s] writing entry points to D435i.egg-info/entry_points.txt
[0.762s] writing requirements to D435i.egg-info/requires.txt
[0.762s] writing top-level names to D435i.egg-info/top_level.txt
[0.764s] reading manifest file 'D435i.egg-info/SOURCES.txt'
[0.765s] writing manifest file 'D435i.egg-info/SOURCES.txt'
[0.765s] running build_ext
[0.766s] Creating /home/ors/ros2_ws/install/D435i/lib/python3.10/site-packages/D435i.egg-link (link to .)
[0.766s] 
[0.766s] Installed /home/ors/ros2_ws/build/D435i
[0.766s] running symlink_data
[0.766s] symbolically linking /home/ors/ros2_ws/build/D435i/D435i/urdf/test_frame.xacro.urdf -> /home/ors/ros2_ws/install/D435i/share/D435i/urdf/
[0.767s] symbolically linking /home/ors/ros2_ws/build/D435i/D435i/urdf/basic_robot.xacro -> /home/ors/ros2_ws/install/D435i/share/D435i/urdf/
[0.788s] Invoked command in '/home/ors/ros2_ws/build/D435i' returned '0': PYTHONPATH=/home/ors/ros2_ws/build/D435i/prefix_override:/usr/lib/python3/dist-packages/colcon_core/task/python/colcon_distutils_commands:/home/ors/ros2_ws/install/D435i/lib/python3.10/site-packages:${PYTHONPATH} /usr/bin/python3 -W ignore:setup.py install is deprecated setup.py develop --editable --build-directory /home/ors/ros2_ws/build/D435i/build --no-deps symlink_data
