[0.442s] Invoking command in '/home/ors/ros2_ws/build/D435i': PYTHONPATH=/home/ors/ros2_ws/build/D435i/prefix_override:/usr/lib/python3/dist-packages/colcon_core/task/python/colcon_distutils_commands:/home/ors/ros2_ws/install/D435i/lib/python3.10/site-packages:${PYTHONPATH} /usr/bin/python3 -W ignore:setup.py install is deprecated setup.py develop --editable --build-directory /home/ors/ros2_ws/build/D435i/build --no-deps symlink_data
[0.625s] running develop
[0.625s] /usr/lib/python3/dist-packages/setuptools/command/easy_install.py:158: EasyInstallDeprecationWarning: easy_install command is deprecated. Use build and pip and other standards-based tools.
[0.626s]   warnings.warn(
[0.744s] running egg_info
[0.744s] writing D435i.egg-info/PKG-INFO
[0.744s] writing dependency_links to D435i.egg-info/dependency_links.txt
[0.744s] writing entry points to D435i.egg-info/entry_points.txt
[0.745s] writing requirements to D435i.egg-info/requires.txt
[0.745s] writing top-level names to D435i.egg-info/top_level.txt
[0.746s] reading manifest file 'D435i.egg-info/SOURCES.txt'
[0.747s] writing manifest file 'D435i.egg-info/SOURCES.txt'
[0.747s] running build_ext
[0.748s] Creating /home/ors/ros2_ws/install/D435i/lib/python3.10/site-packages/D435i.egg-link (link to .)
[0.748s] 
[0.748s] Installed /home/ors/ros2_ws/build/D435i
[0.748s] running symlink_data
[0.748s] creating /home/ors/ros2_ws/install/D435i/share/D435ilaunch
[0.748s] error: can't copy '/home/ors/ros2_ws/build/D435i/launch/*': doesn't exist or not a regular file
[0.770s] Invoked command in '/home/ors/ros2_ws/build/D435i' returned '1': PYTHONPATH=/home/ors/ros2_ws/build/D435i/prefix_override:/usr/lib/python3/dist-packages/colcon_core/task/python/colcon_distutils_commands:/home/ors/ros2_ws/install/D435i/lib/python3.10/site-packages:${PYTHONPATH} /usr/bin/python3 -W ignore:setup.py install is deprecated setup.py develop --editable --build-directory /home/ors/ros2_ws/build/D435i/build --no-deps symlink_data
