running develop
Removing /home/ors/ros2_ws/install/D435i/lib/python3.10/site-packages/D435i.egg-link (link to .)
running egg_info
writing ../../build/D435i/D435i.egg-info/PKG-INFO
writing dependency_links to ../../build/D435i/D435i.egg-info/dependency_links.txt
writing entry points to ../../build/D435i/D435i.egg-info/entry_points.txt
writing requirements to ../../build/D435i/D435i.egg-info/requires.txt
writing top-level names to ../../build/D435i/D435i.egg-info/top_level.txt
reading manifest file '../../build/D435i/D435i.egg-info/SOURCES.txt'
writing manifest file '../../build/D435i/D435i.egg-info/SOURCES.txt'
running build
running build_py
creating /home/ors/ros2_ws/build/D435i/build
creating /home/ors/ros2_ws/build/D435i/build/lib
creating /home/ors/ros2_ws/build/D435i/build/lib/D435i
copying D435i/__init__.py -> /home/ors/ros2_ws/build/D435i/build/lib/D435i
running install
running install_lib
creating /home/ors/ros2_ws/install/D435i/lib/python3.10/site-packages/D435i
copying /home/ors/ros2_ws/build/D435i/build/lib/D435i/__init__.py -> /home/ors/ros2_ws/install/D435i/lib/python3.10/site-packages/D435i
byte-compiling /home/ors/ros2_ws/install/D435i/lib/python3.10/site-packages/D435i/__init__.py to __init__.cpython-310.pyc
running install_data
copying resource/D435i -> /home/ors/ros2_ws/install/D435i/share/ament_index/resource_index/packages
copying package.xml -> /home/ors/ros2_ws/install/D435i/share/D435i
copying D435i/launch/d435i.launch.py -> /home/ors/ros2_ws/install/D435i/share/D435i/launch/
copying D435i/urdf/test_frame.urdf -> /home/ors/ros2_ws/install/D435i/share/D435i/urdf/
running install_egg_info
Copying ../../build/D435i/D435i.egg-info to /home/ors/ros2_ws/install/D435i/lib/python3.10/site-packages/D435i-0.0.0-py3.10.egg-info
running install_scripts
writing list of installed files to '/home/ors/ros2_ws/build/D435i/install.log'
