running develop
running egg_info
creating D435i.egg-info
writing D435i.egg-info/PKG-INFO
writing dependency_links to D435i.egg-info/dependency_links.txt
writing entry points to D435i.egg-info/entry_points.txt
writing requirements to D435i.egg-info/requires.txt
writing top-level names to D435i.egg-info/top_level.txt
writing manifest file 'D435i.egg-info/SOURCES.txt'
reading manifest file 'D435i.egg-info/SOURCES.txt'
writing manifest file 'D435i.egg-info/SOURCES.txt'
running build_ext
Creating /home/ors/ros2_ws/install/D435i/lib/python3.10/site-packages/D435i.egg-link (link to .)

Installed /home/ors/ros2_ws/build/D435i
running symlink_data
creating /home/ors/ros2_ws/install/D435i/share/ament_index
creating /home/ors/ros2_ws/install/D435i/share/ament_index/resource_index
creating /home/ors/ros2_ws/install/D435i/share/ament_index/resource_index/packages
symbolically linking /home/ors/ros2_ws/build/D435i/resource/D435i -> /home/ors/ros2_ws/install/D435i/share/ament_index/resource_index/packages
symbolically linking /home/ors/ros2_ws/build/D435i/package.xml -> /home/ors/ros2_ws/install/D435i/share/D435i
