[0.542s] Invoking command in '/home/ors/ros2_ws/build/D435i': PYTHONPATH=/home/ors/ros2_ws/build/D435i/prefix_override:/usr/lib/python3/dist-packages/colcon_core/task/python/colcon_distutils_commands:/home/ors/ros2_ws/install/D435i/lib/python3.10/site-packages:${PYTHONPATH} /usr/bin/python3 -W ignore:setup.py install is deprecated setup.py develop --editable --build-directory /home/ors/ros2_ws/build/D435i/build --no-deps symlink_data
[0.730s] running develop
[0.731s] /usr/lib/python3/dist-packages/setuptools/command/easy_install.py:158: EasyInstallDeprecationWarning: easy_install command is deprecated. Use build and pip and other standards-based tools.
[0.731s]   warnings.warn(
[0.848s] running egg_info
[0.848s] creating D435i.egg-info
[0.849s] writing D435i.egg-info/PKG-INFO
[0.849s] writing dependency_links to D435i.egg-info/dependency_links.txt
[0.849s] writing entry points to D435i.egg-info/entry_points.txt
[0.849s] writing requirements to D435i.egg-info/requires.txt
[0.849s] writing top-level names to D435i.egg-info/top_level.txt
[0.849s] writing manifest file 'D435i.egg-info/SOURCES.txt'
[0.850s] reading manifest file 'D435i.egg-info/SOURCES.txt'
[0.850s] writing manifest file 'D435i.egg-info/SOURCES.txt'
[0.851s] running build_ext
[0.852s] Creating /home/ors/ros2_ws/install/D435i/lib/python3.10/site-packages/D435i.egg-link (link to .)
[0.852s] 
[0.852s] Installed /home/ors/ros2_ws/build/D435i
[0.852s] running symlink_data
[0.852s] creating /home/ors/ros2_ws/install/D435i/share/ament_index
[0.852s] creating /home/ors/ros2_ws/install/D435i/share/ament_index/resource_index
[0.853s] creating /home/ors/ros2_ws/install/D435i/share/ament_index/resource_index/packages
[0.853s] symbolically linking /home/ors/ros2_ws/build/D435i/resource/D435i -> /home/ors/ros2_ws/install/D435i/share/ament_index/resource_index/packages
[0.853s] symbolically linking /home/ors/ros2_ws/build/D435i/package.xml -> /home/ors/ros2_ws/install/D435i/share/D435i
[0.875s] Invoked command in '/home/ors/ros2_ws/build/D435i' returned '0': PYTHONPATH=/home/ors/ros2_ws/build/D435i/prefix_override:/usr/lib/python3/dist-packages/colcon_core/task/python/colcon_distutils_commands:/home/ors/ros2_ws/install/D435i/lib/python3.10/site-packages:${PYTHONPATH} /usr/bin/python3 -W ignore:setup.py install is deprecated setup.py develop --editable --build-directory /home/ors/ros2_ws/build/D435i/build --no-deps symlink_data
